<?xml version="1.0" encoding="UTF-8"?>
<coverage generated="1716961890169" clover="3.2.0">
  <project timestamp="1716961890169" name="All files">
    <metrics statements="245" coveredstatements="214" conditionals="125" coveredconditionals="100" methods="26" coveredmethods="24" elements="396" coveredelements="338" complexity="0" loc="245" ncloc="245" packages="1" files="1" classes="1"/>
    <file name="triposm.js" path="C:\Users\kalykov\Downloads\ELTE\thesis\Easy-Trip\server\triposm.js">
      <metrics statements="245" coveredstatements="214" conditionals="125" coveredconditionals="100" methods="26" coveredmethods="24"/>
      <line num="1" count="1" type="stmt"/>
      <line num="2" count="1" type="stmt"/>
      <line num="5" count="56" type="stmt"/>
      <line num="6" count="56" type="stmt"/>
      <line num="7" count="56" type="stmt"/>
      <line num="15" count="56" type="stmt"/>
      <line num="22" count="56" type="stmt"/>
      <line num="23" count="56" type="stmt"/>
      <line num="24" count="56" type="stmt"/>
      <line num="25" count="56" type="stmt"/>
      <line num="26" count="56" type="stmt"/>
      <line num="27" count="56" type="stmt"/>
      <line num="28" count="56" type="stmt"/>
      <line num="29" count="96" type="stmt"/>
      <line num="31" count="56" type="stmt"/>
      <line num="32" count="56" type="stmt"/>
      <line num="33" count="56" type="stmt"/>
      <line num="37" count="28" type="stmt"/>
      <line num="38" count="3" type="stmt"/>
      <line num="42" count="3" type="stmt"/>
      <line num="43" count="3" type="stmt"/>
      <line num="45" count="3" type="stmt"/>
      <line num="46" count="3" type="stmt"/>
      <line num="48" count="3" type="stmt"/>
      <line num="51" count="3" type="stmt"/>
      <line num="54" count="3" type="stmt"/>
      <line num="58" count="15" type="stmt"/>
      <line num="62" count="15" type="cond" truecount="2" falsecount="0"/>
      <line num="63" count="11" type="stmt"/>
      <line num="64" count="11" type="stmt"/>
      <line num="65" count="11" type="stmt"/>
      <line num="67" count="4" type="stmt"/>
      <line num="68" count="4" type="stmt"/>
      <line num="69" count="4" type="stmt"/>
      <line num="73" count="15" type="cond" truecount="4" falsecount="0"/>
      <line num="75" count="5" type="stmt"/>
      <line num="76" count="5" type="stmt"/>
      <line num="77" count="10" type="cond" truecount="2" falsecount="0"/>
      <line num="79" count="4" type="cond" truecount="4" falsecount="0"/>
      <line num="81" count="2" type="stmt"/>
      <line num="82" count="2" type="stmt"/>
      <line num="83" count="2" type="stmt"/>
      <line num="84" count="2" type="cond" truecount="3" falsecount="1"/>
      <line num="86" count="2" type="stmt"/>
      <line num="87" count="2" type="stmt"/>
      <line num="88" count="2" type="stmt"/>
      <line num="90" count="6" type="cond" truecount="2" falsecount="0"/>
      <line num="92" count="2" type="stmt"/>
      <line num="93" count="2" type="stmt"/>
      <line num="96" count="4" type="stmt"/>
      <line num="97" count="4" type="stmt"/>
      <line num="100" count="11" type="stmt"/>
      <line num="105" count="2" type="stmt"/>
      <line num="110" count="4092" type="stmt"/>
      <line num="111" count="4092" type="stmt"/>
      <line num="112" count="4092" type="stmt"/>
      <line num="113" count="4092" type="stmt"/>
      <line num="117" count="4092" type="stmt"/>
      <line num="121" count="12" type="stmt"/>
      <line num="122" count="12" type="stmt"/>
      <line num="125" count="12" type="stmt"/>
      <line num="126" count="22" type="stmt"/>
      <line num="127" count="22" type="stmt"/>
      <line num="128" count="22" type="stmt"/>
      <line num="131" count="22" type="stmt"/>
      <line num="134" count="22" type="stmt"/>
      <line num="135" count="34" type="stmt"/>
      <line num="136" count="34" type="stmt"/>
      <line num="137" count="34" type="stmt"/>
      <line num="140" count="34" type="stmt"/>
      <line num="141" count="49" type="stmt"/>
      <line num="142" count="49" type="cond" truecount="2" falsecount="0"/>
      <line num="143" count="41" type="stmt"/>
      <line num="144" count="41" type="stmt"/>
      <line num="149" count="34" type="stmt"/>
      <line num="153" count="22" type="stmt"/>
      <line num="156" count="22" type="cond" truecount="2" falsecount="0"/>
      <line num="157" count="10" type="stmt"/>
      <line num="158" count="10" type="stmt"/>
      <line num="162" count="12" type="stmt"/>
      <line num="166" count="1" type="stmt"/>
      <line num="167" count="2" type="cond" truecount="1" falsecount="1"/>
      <line num="168" count="2" type="stmt"/>
      <line num="171" count="1" type="stmt"/>
      <line num="176" count="26" type="stmt"/>
      <line num="177" count="26" type="stmt"/>
      <line num="178" count="36" type="stmt"/>
      <line num="180" count="26" type="stmt"/>
      <line num="186" count="11" type="cond" truecount="2" falsecount="0"/>
      <line num="187" count="3" type="stmt"/>
      <line num="190" count="8" type="cond" truecount="2" falsecount="0"/>
      <line num="191" count="2" type="stmt"/>
      <line num="194" count="44" type="stmt"/>
      <line num="195" count="6" type="stmt"/>
      <line num="198" count="6" type="stmt"/>
      <line num="199" count="6" type="stmt"/>
      <line num="201" count="6" type="stmt"/>
      <line num="202" count="24" type="stmt"/>
      <line num="205" count="6" type="stmt"/>
      <line num="206" count="19" type="stmt"/>
      <line num="207" count="19" type="stmt"/>
      <line num="210" count="19" type="stmt"/>
      <line num="211" count="67" type="cond" truecount="2" falsecount="0"/>
      <line num="212" count="35" type="stmt"/>
      <line num="213" count="32" type="cond" truecount="1" falsecount="1"/>
      <line num="214" count="0" type="stmt"/>
      <line num="219" count="19" type="stmt"/>
      <line num="220" count="35" type="stmt"/>
      <line num="222" count="35" type="stmt"/>
      <line num="223" count="35" type="stmt"/>
      <line num="226" count="35" type="stmt"/>
      <line num="227" count="0" type="stmt"/>
      <line num="229" count="0" type="stmt"/>
      <line num="230" count="0" type="cond" truecount="0" falsecount="2"/>
      <line num="231" count="0" type="stmt"/>
      <line num="236" count="0" type="cond" truecount="0" falsecount="2"/>
      <line num="237" count="0" type="stmt"/>
      <line num="238" count="0" type="stmt"/>
      <line num="239" count="0" type="stmt"/>
      <line num="246" count="35" type="cond" truecount="3" falsecount="1"/>
      <line num="247" count="0" type="stmt"/>
      <line num="250" count="0" type="stmt"/>
      <line num="251" count="0" type="stmt"/>
      <line num="256" count="6" type="stmt"/>
      <line num="259" count="6" type="stmt"/>
      <line num="260" count="24" type="stmt"/>
      <line num="261" count="24" type="stmt"/>
      <line num="263" count="24" type="cond" truecount="2" falsecount="0"/>
      <line num="264" count="12" type="stmt"/>
      <line num="267" count="24" type="stmt"/>
      <line num="270" count="6" type="stmt"/>
      <line num="275" count="2" type="stmt"/>
      <line num="277" count="2" type="stmt"/>
      <line num="278" count="2" type="stmt"/>
      <line num="279" count="4" type="cond" truecount="1" falsecount="1"/>
      <line num="280" count="4" type="stmt"/>
      <line num="281" count="10" type="cond" truecount="2" falsecount="0"/>
      <line num="282" count="6" type="stmt"/>
      <line num="288" count="2" type="cond" truecount="1" falsecount="1"/>
      <line num="289" count="0" type="stmt"/>
      <line num="290" count="0" type="stmt"/>
      <line num="294" count="2" type="stmt"/>
      <line num="295" count="2" type="stmt"/>
      <line num="296" count="2" type="stmt"/>
      <line num="304" count="2" type="stmt"/>
      <line num="305" count="2" type="cond" truecount="1" falsecount="1"/>
      <line num="306" count="0" type="stmt"/>
      <line num="307" count="0" type="stmt"/>
      <line num="309" count="2" type="stmt"/>
      <line num="312" count="2" type="stmt"/>
      <line num="313" count="4" type="cond" truecount="1" falsecount="1"/>
      <line num="314" count="4" type="stmt"/>
      <line num="315" count="10" type="cond" truecount="4" falsecount="0"/>
      <line num="316" count="6" type="stmt"/>
      <line num="317" count="6" type="cond" truecount="1" falsecount="1"/>
      <line num="318" count="6" type="cond" truecount="1" falsecount="1"/>
      <line num="319" count="6" type="cond" truecount="1" falsecount="1"/>
      <line num="325" count="2" type="stmt"/>
      <line num="327" count="0" type="stmt"/>
      <line num="328" count="0" type="stmt"/>
      <line num="333" count="4" type="stmt"/>
      <line num="334" count="5" type="cond" truecount="1" falsecount="1"/>
      <line num="335" count="5" type="stmt"/>
      <line num="336" count="5" type="cond" truecount="1" falsecount="1"/>
      <line num="338" count="0" type="stmt"/>
      <line num="339" count="0" type="stmt"/>
      <line num="340" count="0" type="cond" truecount="0" falsecount="2"/>
      <line num="341" count="0" type="stmt"/>
      <line num="345" count="0" type="stmt"/>
      <line num="346" count="0" type="stmt"/>
      <line num="347" count="0" type="cond" truecount="0" falsecount="2"/>
      <line num="348" count="0" type="stmt"/>
      <line num="350" count="5" type="cond" truecount="3" falsecount="1"/>
      <line num="352" count="5" type="stmt"/>
      <line num="353" count="5" type="stmt"/>
      <line num="354" count="5" type="cond" truecount="2" falsecount="0"/>
      <line num="355" count="3" type="stmt"/>
      <line num="357" count="5" type="stmt"/>
      <line num="358" count="5" type="stmt"/>
      <line num="359" count="5" type="cond" truecount="2" falsecount="0"/>
      <line num="360" count="2" type="stmt"/>
      <line num="365" count="4" type="stmt"/>
      <line num="369" count="14" type="stmt"/>
      <line num="370" count="14" type="stmt"/>
      <line num="372" count="14" type="stmt"/>
      <line num="373" count="4006" type="stmt"/>
      <line num="374" count="4006" type="cond" truecount="4" falsecount="0"/>
      <line num="375" count="41" type="stmt"/>
      <line num="376" count="41" type="stmt"/>
      <line num="379" count="14" type="stmt"/>
      <line num="384" count="2" type="stmt"/>
      <line num="385" count="2" type="stmt"/>
      <line num="386" count="2" type="stmt"/>
      <line num="387" count="2" type="stmt"/>
      <line num="391" count="2" type="cond" truecount="1" falsecount="1"/>
      <line num="392" count="0" type="stmt"/>
      <line num="394" count="2" type="stmt"/>
      <line num="395" count="2" type="stmt"/>
      <line num="397" count="0" type="stmt"/>
      <line num="398" count="0" type="stmt"/>
      <line num="403" count="3" type="stmt"/>
      <line num="404" count="3" type="stmt"/>
      <line num="405" count="3" type="stmt"/>
      <line num="407" count="216374" type="cond" truecount="1" falsecount="1"/>
      <line num="408" count="3" type="cond" truecount="1" falsecount="1"/>
      <line num="409" count="108187" type="stmt"/>
      <line num="411" count="3" type="stmt"/>
      <line num="412" count="3" type="stmt"/>
      <line num="413" count="14870" type="cond" truecount="4" falsecount="0"/>
      <line num="414" count="792" type="stmt"/>
      <line num="415" count="14078" type="cond" truecount="5" falsecount="0"/>
      <line num="416" count="5438" type="stmt"/>
      <line num="418" count="8640" type="stmt"/>
      <line num="423" count="3" type="stmt"/>
      <line num="424" count="3" type="stmt"/>
      <line num="425" count="3" type="stmt"/>
      <line num="427" count="3" type="stmt"/>
      <line num="431" count="2290" type="stmt"/>
      <line num="432" count="2290" type="stmt"/>
      <line num="441" count="2290" type="cond" truecount="4" falsecount="0"/>
      <line num="442" count="114" type="stmt"/>
      <line num="444" count="2290" type="cond" truecount="4" falsecount="0"/>
      <line num="445" count="44" type="stmt"/>
      <line num="447" count="2290" type="cond" truecount="4" falsecount="0"/>
      <line num="448" count="186" type="stmt"/>
      <line num="450" count="2290" type="cond" truecount="2" falsecount="0"/>
      <line num="451" count="1920" type="stmt"/>
      <line num="452" count="1920" type="stmt"/>
      <line num="453" count="370" type="cond" truecount="4" falsecount="0"/>
      <line num="455" count="240" type="stmt"/>
      <line num="456" count="240" type="stmt"/>
      <line num="458" count="2290" type="stmt"/>
      <line num="462" count="1" type="stmt"/>
      <line num="463" count="1" type="stmt"/>
      <line num="464" count="1" type="stmt"/>
      <line num="465" count="1" type="stmt"/>
      <line num="466" count="1" type="stmt"/>
      <line num="467" count="1" type="stmt"/>
      <line num="468" count="1" type="stmt"/>
      <line num="469" count="1" type="stmt"/>
      <line num="470" count="1" type="stmt"/>
      <line num="472" count="1" type="stmt"/>
      <line num="474" count="0" type="stmt"/>
      <line num="475" count="0" type="stmt"/>
      <line num="480" count="1" type="stmt"/>
    </file>
  </project>
</coverage>
