{"C:\\Users\\kalykov\\Downloads\\ELTE\\thesis\\Easy-Trip\\server\\triposm.js": {"path":"C:\\Users\\kalykov\\Downloads\\ELTE\\thesis\\Easy-Trip\\server\\triposm.js","statementMap":{"0":{"start":{"line":1,"column":19},"end":{"line":1,"column":39}},"1":{"start":{"line":2,"column":24},"end":{"line":2,"column":45}},"2":{"start":{"line":5,"column":13},"end":{"line":5,"column":18}},"3":{"start":{"line":6,"column":12},"end":{"line":6,"column":40}},"4":{"start":{"line":7,"column":19},"end":{"line":14,"column":5}},"5":{"start":{"line":15,"column":17},"end":{"line":19,"column":5}},"6":{"start":{"line":22,"column":8},"end":{"line":22,"column":25}},"7":{"start":{"line":23,"column":8},"end":{"line":23,"column":23}},"8":{"start":{"line":24,"column":8},"end":{"line":24,"column":22}},"9":{"start":{"line":25,"column":8},"end":{"line":25,"column":33}},"10":{"start":{"line":26,"column":8},"end":{"line":26,"column":29}},"11":{"start":{"line":27,"column":8},"end":{"line":27,"column":31}},"12":{"start":{"line":28,"column":8},"end":{"line":30,"column":9}},"13":{"start":{"line":29,"column":12},"end":{"line":29,"column":63}},"14":{"start":{"line":31,"column":8},"end":{"line":31,"column":41}},"15":{"start":{"line":32,"column":8},"end":{"line":32,"column":35}},"16":{"start":{"line":33,"column":8},"end":{"line":33,"column":29}},"17":{"start":{"line":37,"column":26},"end":{"line":37,"column":99}},"18":{"start":{"line":37,"column":44},"end":{"line":37,"column":89}},"19":{"start":{"line":38,"column":8},"end":{"line":38,"column":55}},"20":{"start":{"line":42,"column":21},"end":{"line":42,"column":51}},"21":{"start":{"line":43,"column":21},"end":{"line":43,"column":51}},"22":{"start":{"line":45,"column":17},"end":{"line":45,"column":62}},"23":{"start":{"line":46,"column":17},"end":{"line":46,"column":62}},"24":{"start":{"line":48,"column":39},"end":{"line":48,"column":46}},"25":{"start":{"line":51,"column":31},"end":{"line":51,"column":79}},"26":{"start":{"line":54,"column":8},"end":{"line":54,"column":46}},"27":{"start":{"line":58,"column":31},"end":{"line":58,"column":33}},"28":{"start":{"line":62,"column":8},"end":{"line":70,"column":9}},"29":{"start":{"line":63,"column":12},"end":{"line":63,"column":44}},"30":{"start":{"line":64,"column":12},"end":{"line":64,"column":41}},"31":{"start":{"line":65,"column":12},"end":{"line":65,"column":35}},"32":{"start":{"line":67,"column":12},"end":{"line":67,"column":44}},"33":{"start":{"line":68,"column":12},"end":{"line":68,"column":41}},"34":{"start":{"line":69,"column":12},"end":{"line":69,"column":37}},"35":{"start":{"line":73,"column":8},"end":{"line":98,"column":9}},"36":{"start":{"line":75,"column":12},"end":{"line":75,"column":76}},"37":{"start":{"line":76,"column":12},"end":{"line":76,"column":73}},"38":{"start":{"line":77,"column":15},"end":{"line":98,"column":9}},"39":{"start":{"line":79,"column":12},"end":{"line":89,"column":13}},"40":{"start":{"line":81,"column":16},"end":{"line":81,"column":54}},"41":{"start":{"line":82,"column":40},"end":{"line":82,"column":81}},"42":{"start":{"line":83,"column":16},"end":{"line":83,"column":77}},"43":{"start":{"line":84,"column":19},"end":{"line":89,"column":13}},"44":{"start":{"line":86,"column":16},"end":{"line":86,"column":51}},"45":{"start":{"line":87,"column":40},"end":{"line":87,"column":81}},"46":{"start":{"line":88,"column":16},"end":{"line":88,"column":80}},"47":{"start":{"line":90,"column":16},"end":{"line":98,"column":9}},"48":{"start":{"line":92,"column":12},"end":{"line":92,"column":50}},"49":{"start":{"line":93,"column":12},"end":{"line":93,"column":47}},"50":{"start":{"line":96,"column":12},"end":{"line":96,"column":48}},"51":{"start":{"line":97,"column":12},"end":{"line":97,"column":22}},"52":{"start":{"line":100,"column":8},"end":{"line":100,"column":30}},"53":{"start":{"line":105,"column":8},"end":{"line":105,"column":61}},"54":{"start":{"line":110,"column":19},"end":{"line":110,"column":29}},"55":{"start":{"line":111,"column":19},"end":{"line":111,"column":29}},"56":{"start":{"line":112,"column":19},"end":{"line":112,"column":29}},"57":{"start":{"line":113,"column":19},"end":{"line":113,"column":29}},"58":{"start":{"line":117,"column":8},"end":{"line":117,"column":61}},"59":{"start":{"line":121,"column":31},"end":{"line":121,"column":39}},"60":{"start":{"line":122,"column":33},"end":{"line":122,"column":35}},"61":{"start":{"line":125,"column":8},"end":{"line":160,"column":9}},"62":{"start":{"line":125,"column":30},"end":{"line":125,"column":31}},"63":{"start":{"line":126,"column":35},"end":{"line":126,"column":37}},"64":{"start":{"line":127,"column":34},"end":{"line":127,"column":49}},"65":{"start":{"line":128,"column":36},"end":{"line":128,"column":46}},"66":{"start":{"line":131,"column":12},"end":{"line":131,"column":83}},"67":{"start":{"line":134,"column":12},"end":{"line":150,"column":13}},"68":{"start":{"line":135,"column":32},"end":{"line":135,"column":77}},"69":{"start":{"line":136,"column":40},"end":{"line":136,"column":44}},"70":{"start":{"line":137,"column":38},"end":{"line":137,"column":46}},"71":{"start":{"line":140,"column":16},"end":{"line":146,"column":17}},"72":{"start":{"line":140,"column":29},"end":{"line":140,"column":30}},"73":{"start":{"line":141,"column":35},"end":{"line":141,"column":88}},"74":{"start":{"line":142,"column":20},"end":{"line":145,"column":21}},"75":{"start":{"line":143,"column":24},"end":{"line":143,"column":46}},"76":{"start":{"line":144,"column":24},"end":{"line":144,"column":51}},"77":{"start":{"line":149,"column":16},"end":{"line":149,"column":87}},"78":{"start":{"line":153,"column":32},"end":{"line":153,"column":77}},"79":{"start":{"line":156,"column":12},"end":{"line":159,"column":13}},"80":{"start":{"line":157,"column":16},"end":{"line":157,"column":49}},"81":{"start":{"line":158,"column":16},"end":{"line":158,"column":54}},"82":{"start":{"line":162,"column":8},"end":{"line":162,"column":34}},"83":{"start":{"line":166,"column":8},"end":{"line":170,"column":9}},"84":{"start":{"line":167,"column":12},"end":{"line":169,"column":13}},"85":{"start":{"line":168,"column":16},"end":{"line":168,"column":91}},"86":{"start":{"line":171,"column":8},"end":{"line":171,"column":25}},"87":{"start":{"line":176,"column":28},"end":{"line":176,"column":29}},"88":{"start":{"line":177,"column":8},"end":{"line":179,"column":9}},"89":{"start":{"line":177,"column":21},"end":{"line":177,"column":22}},"90":{"start":{"line":178,"column":12},"end":{"line":178,"column":88}},"91":{"start":{"line":180,"column":8},"end":{"line":180,"column":29}},"92":{"start":{"line":186,"column":8},"end":{"line":188,"column":9}},"93":{"start":{"line":187,"column":12},"end":{"line":187,"column":21}},"94":{"start":{"line":190,"column":8},"end":{"line":192,"column":9}},"95":{"start":{"line":191,"column":12},"end":{"line":191,"column":32}},"96":{"start":{"line":194,"column":34},"end":{"line":194,"column":79}},"97":{"start":{"line":194,"column":56},"end":{"line":194,"column":78}},"98":{"start":{"line":195,"column":38},"end":{"line":195,"column":69}},"99":{"start":{"line":198,"column":33},"end":{"line":198,"column":75}},"100":{"start":{"line":199,"column":27},"end":{"line":199,"column":50}},"101":{"start":{"line":201,"column":8},"end":{"line":203,"column":11}},"102":{"start":{"line":202,"column":12},"end":{"line":202,"column":39}},"103":{"start":{"line":205,"column":8},"end":{"line":254,"column":9}},"104":{"start":{"line":205,"column":21},"end":{"line":205,"column":22}},"105":{"start":{"line":206,"column":34},"end":{"line":206,"column":36}},"106":{"start":{"line":207,"column":33},"end":{"line":207,"column":35}},"107":{"start":{"line":210,"column":12},"end":{"line":216,"column":15}},"108":{"start":{"line":211,"column":16},"end":{"line":215,"column":17}},"109":{"start":{"line":212,"column":20},"end":{"line":212,"column":48}},"110":{"start":{"line":213,"column":23},"end":{"line":215,"column":17}},"111":{"start":{"line":214,"column":20},"end":{"line":214,"column":47}},"112":{"start":{"line":219,"column":12},"end":{"line":253,"column":15}},"113":{"start":{"line":220,"column":43},"end":{"line":220,"column":69}},"114":{"start":{"line":222,"column":38},"end":{"line":222,"column":46}},"115":{"start":{"line":223,"column":40},"end":{"line":223,"column":42}},"116":{"start":{"line":226,"column":16},"end":{"line":243,"column":19}},"117":{"start":{"line":227,"column":53},"end":{"line":227,"column":85}},"118":{"start":{"line":229,"column":20},"end":{"line":242,"column":23}},"119":{"start":{"line":230,"column":24},"end":{"line":241,"column":25}},"120":{"start":{"line":231,"column":45},"end":{"line":234,"column":29}},"121":{"start":{"line":236,"column":28},"end":{"line":240,"column":29}},"122":{"start":{"line":237,"column":32},"end":{"line":237,"column":75}},"123":{"start":{"line":238,"column":32},"end":{"line":238,"column":59}},"124":{"start":{"line":239,"column":32},"end":{"line":239,"column":63}},"125":{"start":{"line":246,"column":16},"end":{"line":252,"column":17}},"126":{"start":{"line":247,"column":20},"end":{"line":247,"column":66}},"127":{"start":{"line":250,"column":20},"end":{"line":250,"column":50}},"128":{"start":{"line":251,"column":20},"end":{"line":251,"column":53}},"129":{"start":{"line":256,"column":24},"end":{"line":256,"column":26}},"130":{"start":{"line":259,"column":8},"end":{"line":268,"column":9}},"131":{"start":{"line":259,"column":21},"end":{"line":259,"column":22}},"132":{"start":{"line":260,"column":26},"end":{"line":260,"column":37}},"133":{"start":{"line":261,"column":24},"end":{"line":261,"column":35}},"134":{"start":{"line":263,"column":12},"end":{"line":265,"column":13}},"135":{"start":{"line":264,"column":16},"end":{"line":264,"column":40}},"136":{"start":{"line":267,"column":12},"end":{"line":267,"column":43}},"137":{"start":{"line":270,"column":8},"end":{"line":270,"column":25}},"138":{"start":{"line":275,"column":8},"end":{"line":329,"column":9}},"139":{"start":{"line":277,"column":32},"end":{"line":277,"column":41}},"140":{"start":{"line":278,"column":12},"end":{"line":286,"column":13}},"141":{"start":{"line":279,"column":16},"end":{"line":285,"column":17}},"142":{"start":{"line":280,"column":20},"end":{"line":284,"column":21}},"143":{"start":{"line":281,"column":24},"end":{"line":283,"column":25}},"144":{"start":{"line":282,"column":28},"end":{"line":282,"column":60}},"145":{"start":{"line":288,"column":12},"end":{"line":291,"column":13}},"146":{"start":{"line":289,"column":16},"end":{"line":289,"column":56}},"147":{"start":{"line":290,"column":16},"end":{"line":290,"column":33}},"148":{"start":{"line":294,"column":30},"end":{"line":294,"column":63}},"149":{"start":{"line":295,"column":24},"end":{"line":295,"column":60}},"150":{"start":{"line":296,"column":27},"end":{"line":301,"column":14}},"151":{"start":{"line":304,"column":29},"end":{"line":304,"column":71}},"152":{"start":{"line":305,"column":12},"end":{"line":308,"column":13}},"153":{"start":{"line":306,"column":16},"end":{"line":306,"column":67}},"154":{"start":{"line":307,"column":16},"end":{"line":307,"column":94}},"155":{"start":{"line":309,"column":25},"end":{"line":309,"column":46}},"156":{"start":{"line":312,"column":12},"end":{"line":323,"column":13}},"157":{"start":{"line":313,"column":16},"end":{"line":322,"column":17}},"158":{"start":{"line":314,"column":20},"end":{"line":321,"column":21}},"159":{"start":{"line":315,"column":24},"end":{"line":320,"column":25}},"160":{"start":{"line":316,"column":43},"end":{"line":316,"column":72}},"161":{"start":{"line":317,"column":28},"end":{"line":317,"column":109}},"162":{"start":{"line":318,"column":48},"end":{"line":318,"column":72}},"163":{"start":{"line":319,"column":28},"end":{"line":319,"column":198}},"164":{"start":{"line":325,"column":12},"end":{"line":325,"column":29}},"165":{"start":{"line":327,"column":12},"end":{"line":327,"column":71}},"166":{"start":{"line":328,"column":12},"end":{"line":328,"column":29}},"167":{"start":{"line":333,"column":8},"end":{"line":364,"column":9}},"168":{"start":{"line":334,"column":12},"end":{"line":363,"column":13}},"169":{"start":{"line":335,"column":38},"end":{"line":335,"column":56}},"170":{"start":{"line":336,"column":16},"end":{"line":362,"column":17}},"171":{"start":{"line":338,"column":40},"end":{"line":338,"column":56}},"172":{"start":{"line":339,"column":53},"end":{"line":339,"column":124}},"173":{"start":{"line":340,"column":20},"end":{"line":342,"column":21}},"174":{"start":{"line":341,"column":24},"end":{"line":341,"column":82}},"175":{"start":{"line":345,"column":38},"end":{"line":345,"column":77}},"176":{"start":{"line":346,"column":51},"end":{"line":346,"column":118}},"177":{"start":{"line":347,"column":20},"end":{"line":349,"column":21}},"178":{"start":{"line":348,"column":24},"end":{"line":348,"column":72}},"179":{"start":{"line":350,"column":23},"end":{"line":362,"column":17}},"180":{"start":{"line":352,"column":38},"end":{"line":352,"column":77}},"181":{"start":{"line":353,"column":51},"end":{"line":353,"column":118}},"182":{"start":{"line":354,"column":20},"end":{"line":356,"column":21}},"183":{"start":{"line":355,"column":24},"end":{"line":355,"column":72}},"184":{"start":{"line":357,"column":41},"end":{"line":357,"column":80}},"185":{"start":{"line":358,"column":54},"end":{"line":358,"column":127}},"186":{"start":{"line":359,"column":20},"end":{"line":361,"column":21}},"187":{"start":{"line":360,"column":24},"end":{"line":360,"column":75}},"188":{"start":{"line":365,"column":8},"end":{"line":365,"column":25}},"189":{"start":{"line":369,"column":30},"end":{"line":369,"column":38}},"190":{"start":{"line":370,"column":27},"end":{"line":370,"column":31}},"191":{"start":{"line":372,"column":8},"end":{"line":378,"column":9}},"192":{"start":{"line":373,"column":29},"end":{"line":373,"column":101}},"193":{"start":{"line":374,"column":12},"end":{"line":377,"column":13}},"194":{"start":{"line":375,"column":16},"end":{"line":375,"column":43}},"195":{"start":{"line":376,"column":16},"end":{"line":376,"column":37}},"196":{"start":{"line":379,"column":8},"end":{"line":379,"column":28}},"197":{"start":{"line":384,"column":22},"end":{"line":384,"column":88}},"198":{"start":{"line":385,"column":22},"end":{"line":385,"column":62}},"199":{"start":{"line":386,"column":8},"end":{"line":399,"column":9}},"200":{"start":{"line":387,"column":29},"end":{"line":390,"column":14}},"201":{"start":{"line":391,"column":12},"end":{"line":393,"column":13}},"202":{"start":{"line":392,"column":16},"end":{"line":392,"column":60}},"203":{"start":{"line":394,"column":25},"end":{"line":394,"column":46}},"204":{"start":{"line":395,"column":12},"end":{"line":395,"column":24}},"205":{"start":{"line":397,"column":12},"end":{"line":397,"column":61}},"206":{"start":{"line":398,"column":12},"end":{"line":398,"column":22}},"207":{"start":{"line":403,"column":28},"end":{"line":403,"column":30}},"208":{"start":{"line":404,"column":25},"end":{"line":404,"column":27}},"209":{"start":{"line":405,"column":25},"end":{"line":405,"column":27}},"210":{"start":{"line":407,"column":26},"end":{"line":407,"column":77}},"211":{"start":{"line":407,"column":39},"end":{"line":407,"column":77}},"212":{"start":{"line":408,"column":25},"end":{"line":408,"column":44}},"213":{"start":{"line":409,"column":31},"end":{"line":409,"column":83}},"214":{"start":{"line":409,"column":55},"end":{"line":409,"column":82}},"215":{"start":{"line":411,"column":26},"end":{"line":411,"column":61}},"216":{"start":{"line":412,"column":8},"end":{"line":420,"column":9}},"217":{"start":{"line":413,"column":12},"end":{"line":419,"column":13}},"218":{"start":{"line":414,"column":16},"end":{"line":414,"column":44}},"219":{"start":{"line":415,"column":19},"end":{"line":419,"column":13}},"220":{"start":{"line":416,"column":16},"end":{"line":416,"column":41}},"221":{"start":{"line":418,"column":16},"end":{"line":418,"column":41}},"222":{"start":{"line":423,"column":8},"end":{"line":423,"column":73}},"223":{"start":{"line":424,"column":8},"end":{"line":424,"column":67}},"224":{"start":{"line":425,"column":8},"end":{"line":425,"column":69}},"225":{"start":{"line":427,"column":8},"end":{"line":427,"column":57}},"226":{"start":{"line":431,"column":26},"end":{"line":431,"column":61}},"227":{"start":{"line":432,"column":21},"end":{"line":440,"column":9}},"228":{"start":{"line":441,"column":8},"end":{"line":443,"column":9}},"229":{"start":{"line":442,"column":12},"end":{"line":442,"column":56}},"230":{"start":{"line":444,"column":8},"end":{"line":446,"column":9}},"231":{"start":{"line":445,"column":12},"end":{"line":445,"column":44}},"232":{"start":{"line":447,"column":8},"end":{"line":449,"column":9}},"233":{"start":{"line":448,"column":12},"end":{"line":448,"column":50}},"234":{"start":{"line":450,"column":8},"end":{"line":457,"column":9}},"235":{"start":{"line":451,"column":12},"end":{"line":451,"column":35}},"236":{"start":{"line":452,"column":12},"end":{"line":452,"column":35}},"237":{"start":{"line":453,"column":15},"end":{"line":457,"column":9}},"238":{"start":{"line":455,"column":12},"end":{"line":455,"column":42}},"239":{"start":{"line":456,"column":12},"end":{"line":456,"column":42}},"240":{"start":{"line":458,"column":8},"end":{"line":458,"column":20}},"241":{"start":{"line":462,"column":8},"end":{"line":476,"column":9}},"242":{"start":{"line":463,"column":25},"end":{"line":463,"column":48}},"243":{"start":{"line":464,"column":62},"end":{"line":464,"column":85}},"244":{"start":{"line":465,"column":25},"end":{"line":465,"column":75}},"245":{"start":{"line":466,"column":27},"end":{"line":466,"column":78}},"246":{"start":{"line":467,"column":28},"end":{"line":467,"column":60}},"247":{"start":{"line":468,"column":12},"end":{"line":468,"column":65}},"248":{"start":{"line":469,"column":12},"end":{"line":469,"column":66}},"249":{"start":{"line":470,"column":12},"end":{"line":470,"column":73}},"250":{"start":{"line":472,"column":12},"end":{"line":472,"column":45}},"251":{"start":{"line":474,"column":12},"end":{"line":474,"column":57}},"252":{"start":{"line":475,"column":12},"end":{"line":475,"column":22}},"253":{"start":{"line":480,"column":0},"end":{"line":480,"column":25}}},"fnMap":{"0":{"name":"(anonymous_0)","decl":{"start":{"line":21,"column":4},"end":{"line":21,"column":5}},"loc":{"start":{"line":21,"column":99},"end":{"line":34,"column":5}},"line":21},"1":{"name":"(anonymous_1)","decl":{"start":{"line":36,"column":4},"end":{"line":36,"column":5}},"loc":{"start":{"line":36,"column":52},"end":{"line":39,"column":5}},"line":36},"2":{"name":"(anonymous_2)","decl":{"start":{"line":37,"column":36},"end":{"line":37,"column":37}},"loc":{"start":{"line":37,"column":44},"end":{"line":37,"column":89}},"line":37},"3":{"name":"(anonymous_3)","decl":{"start":{"line":41,"column":4},"end":{"line":41,"column":5}},"loc":{"start":{"line":41,"column":36},"end":{"line":55,"column":5}},"line":41},"4":{"name":"(anonymous_4)","decl":{"start":{"line":57,"column":4},"end":{"line":57,"column":5}},"loc":{"start":{"line":57,"column":51},"end":{"line":101,"column":5}},"line":57},"5":{"name":"(anonymous_5)","decl":{"start":{"line":104,"column":4},"end":{"line":104,"column":5}},"loc":{"start":{"line":104,"column":24},"end":{"line":106,"column":5}},"line":104},"6":{"name":"(anonymous_6)","decl":{"start":{"line":109,"column":4},"end":{"line":109,"column":5}},"loc":{"start":{"line":109,"column":38},"end":{"line":118,"column":5}},"line":109},"7":{"name":"(anonymous_7)","decl":{"start":{"line":120,"column":4},"end":{"line":120,"column":5}},"loc":{"start":{"line":120,"column":42},"end":{"line":163,"column":5}},"line":120},"8":{"name":"(anonymous_8)","decl":{"start":{"line":165,"column":4},"end":{"line":165,"column":5}},"loc":{"start":{"line":165,"column":40},"end":{"line":172,"column":5}},"line":165},"9":{"name":"(anonymous_9)","decl":{"start":{"line":175,"column":4},"end":{"line":175,"column":5}},"loc":{"start":{"line":175,"column":40},"end":{"line":181,"column":5}},"line":175},"10":{"name":"(anonymous_10)","decl":{"start":{"line":184,"column":4},"end":{"line":184,"column":5}},"loc":{"start":{"line":184,"column":34},"end":{"line":271,"column":5}},"line":184},"11":{"name":"(anonymous_11)","decl":{"start":{"line":194,"column":47},"end":{"line":194,"column":48}},"loc":{"start":{"line":194,"column":56},"end":{"line":194,"column":78}},"line":194},"12":{"name":"(anonymous_12)","decl":{"start":{"line":201,"column":25},"end":{"line":201,"column":26}},"loc":{"start":{"line":201,"column":41},"end":{"line":203,"column":9}},"line":201},"13":{"name":"(anonymous_13)","decl":{"start":{"line":210,"column":31},"end":{"line":210,"column":32}},"loc":{"start":{"line":210,"column":48},"end":{"line":216,"column":13}},"line":210},"14":{"name":"(anonymous_14)","decl":{"start":{"line":219,"column":36},"end":{"line":219,"column":37}},"loc":{"start":{"line":219,"column":55},"end":{"line":253,"column":13}},"line":219},"15":{"name":"(anonymous_15)","decl":{"start":{"line":226,"column":39},"end":{"line":226,"column":40}},"loc":{"start":{"line":226,"column":64},"end":{"line":243,"column":17}},"line":226},"16":{"name":"(anonymous_16)","decl":{"start":{"line":229,"column":37},"end":{"line":229,"column":38}},"loc":{"start":{"line":229,"column":67},"end":{"line":242,"column":21}},"line":229},"17":{"name":"(anonymous_17)","decl":{"start":{"line":274,"column":4},"end":{"line":274,"column":5}},"loc":{"start":{"line":274,"column":48},"end":{"line":330,"column":5}},"line":274},"18":{"name":"(anonymous_18)","decl":{"start":{"line":332,"column":4},"end":{"line":332,"column":5}},"loc":{"start":{"line":332,"column":41},"end":{"line":366,"column":5}},"line":332},"19":{"name":"(anonymous_19)","decl":{"start":{"line":368,"column":4},"end":{"line":368,"column":5}},"loc":{"start":{"line":368,"column":47},"end":{"line":380,"column":5}},"line":368},"20":{"name":"(anonymous_20)","decl":{"start":{"line":383,"column":4},"end":{"line":383,"column":5}},"loc":{"start":{"line":383,"column":23},"end":{"line":400,"column":5}},"line":383},"21":{"name":"(anonymous_21)","decl":{"start":{"line":402,"column":4},"end":{"line":402,"column":5}},"loc":{"start":{"line":402,"column":23},"end":{"line":428,"column":5}},"line":402},"22":{"name":"(anonymous_22)","decl":{"start":{"line":407,"column":26},"end":{"line":407,"column":27}},"loc":{"start":{"line":407,"column":39},"end":{"line":407,"column":77}},"line":407},"23":{"name":"(anonymous_23)","decl":{"start":{"line":409,"column":45},"end":{"line":409,"column":46}},"loc":{"start":{"line":409,"column":55},"end":{"line":409,"column":82}},"line":409},"24":{"name":"(anonymous_24)","decl":{"start":{"line":430,"column":4},"end":{"line":430,"column":5}},"loc":{"start":{"line":430,"column":25},"end":{"line":459,"column":5}},"line":430},"25":{"name":"(anonymous_25)","decl":{"start":{"line":461,"column":4},"end":{"line":461,"column":5}},"loc":{"start":{"line":461,"column":23},"end":{"line":477,"column":5}},"line":461}},"branchMap":{"0":{"loc":{"start":{"line":36,"column":30},"end":{"line":36,"column":50}},"type":"default-arg","locations":[{"start":{"line":36,"column":39},"end":{"line":36,"column":50}}],"line":36},"1":{"loc":{"start":{"line":62,"column":8},"end":{"line":70,"column":9}},"type":"if","locations":[{"start":{"line":62,"column":8},"end":{"line":70,"column":9}},{"start":{"line":66,"column":15},"end":{"line":70,"column":9}}],"line":62},"2":{"loc":{"start":{"line":73,"column":8},"end":{"line":98,"column":9}},"type":"if","locations":[{"start":{"line":73,"column":8},"end":{"line":98,"column":9}},{"start":{"line":77,"column":15},"end":{"line":98,"column":9}}],"line":73},"3":{"loc":{"start":{"line":73,"column":12},"end":{"line":73,"column":91}},"type":"binary-expr","locations":[{"start":{"line":73,"column":12},"end":{"line":73,"column":51}},{"start":{"line":73,"column":55},"end":{"line":73,"column":91}}],"line":73},"4":{"loc":{"start":{"line":77,"column":15},"end":{"line":98,"column":9}},"type":"if","locations":[{"start":{"line":77,"column":15},"end":{"line":98,"column":9}},{"start":{"line":90,"column":16},"end":{"line":98,"column":9}}],"line":77},"5":{"loc":{"start":{"line":79,"column":12},"end":{"line":89,"column":13}},"type":"if","locations":[{"start":{"line":79,"column":12},"end":{"line":89,"column":13}},{"start":{"line":84,"column":19},"end":{"line":89,"column":13}}],"line":79},"6":{"loc":{"start":{"line":79,"column":16},"end":{"line":79,"column":94}},"type":"binary-expr","locations":[{"start":{"line":79,"column":16},"end":{"line":79,"column":54}},{"start":{"line":79,"column":58},"end":{"line":79,"column":94}}],"line":79},"7":{"loc":{"start":{"line":84,"column":19},"end":{"line":89,"column":13}},"type":"if","locations":[{"start":{"line":84,"column":19},"end":{"line":89,"column":13}},{"start":{},"end":{}}],"line":84},"8":{"loc":{"start":{"line":84,"column":23},"end":{"line":84,"column":101}},"type":"binary-expr","locations":[{"start":{"line":84,"column":23},"end":{"line":84,"column":62}},{"start":{"line":84,"column":66},"end":{"line":84,"column":101}}],"line":84},"9":{"loc":{"start":{"line":90,"column":16},"end":{"line":98,"column":9}},"type":"if","locations":[{"start":{"line":90,"column":16},"end":{"line":98,"column":9}},{"start":{"line":94,"column":15},"end":{"line":98,"column":9}}],"line":90},"10":{"loc":{"start":{"line":142,"column":20},"end":{"line":145,"column":21}},"type":"if","locations":[{"start":{"line":142,"column":20},"end":{"line":145,"column":21}},{"start":{},"end":{}}],"line":142},"11":{"loc":{"start":{"line":156,"column":12},"end":{"line":159,"column":13}},"type":"if","locations":[{"start":{"line":156,"column":12},"end":{"line":159,"column":13}},{"start":{},"end":{}}],"line":156},"12":{"loc":{"start":{"line":167,"column":12},"end":{"line":169,"column":13}},"type":"if","locations":[{"start":{"line":167,"column":12},"end":{"line":169,"column":13}},{"start":{},"end":{}}],"line":167},"13":{"loc":{"start":{"line":186,"column":8},"end":{"line":188,"column":9}},"type":"if","locations":[{"start":{"line":186,"column":8},"end":{"line":188,"column":9}},{"start":{},"end":{}}],"line":186},"14":{"loc":{"start":{"line":190,"column":8},"end":{"line":192,"column":9}},"type":"if","locations":[{"start":{"line":190,"column":8},"end":{"line":192,"column":9}},{"start":{},"end":{}}],"line":190},"15":{"loc":{"start":{"line":211,"column":16},"end":{"line":215,"column":17}},"type":"if","locations":[{"start":{"line":211,"column":16},"end":{"line":215,"column":17}},{"start":{"line":213,"column":23},"end":{"line":215,"column":17}}],"line":211},"16":{"loc":{"start":{"line":213,"column":23},"end":{"line":215,"column":17}},"type":"if","locations":[{"start":{"line":213,"column":23},"end":{"line":215,"column":17}},{"start":{},"end":{}}],"line":213},"17":{"loc":{"start":{"line":230,"column":24},"end":{"line":241,"column":25}},"type":"if","locations":[{"start":{"line":230,"column":24},"end":{"line":241,"column":25}},{"start":{},"end":{}}],"line":230},"18":{"loc":{"start":{"line":236,"column":28},"end":{"line":240,"column":29}},"type":"if","locations":[{"start":{"line":236,"column":28},"end":{"line":240,"column":29}},{"start":{},"end":{}}],"line":236},"19":{"loc":{"start":{"line":246,"column":16},"end":{"line":252,"column":17}},"type":"if","locations":[{"start":{"line":246,"column":16},"end":{"line":252,"column":17}},{"start":{},"end":{}}],"line":246},"20":{"loc":{"start":{"line":246,"column":20},"end":{"line":246,"column":128}},"type":"binary-expr","locations":[{"start":{"line":246,"column":20},"end":{"line":246,"column":66}},{"start":{"line":246,"column":70},"end":{"line":246,"column":128}}],"line":246},"21":{"loc":{"start":{"line":263,"column":12},"end":{"line":265,"column":13}},"type":"if","locations":[{"start":{"line":263,"column":12},"end":{"line":265,"column":13}},{"start":{},"end":{}}],"line":263},"22":{"loc":{"start":{"line":279,"column":16},"end":{"line":285,"column":17}},"type":"if","locations":[{"start":{"line":279,"column":16},"end":{"line":285,"column":17}},{"start":{},"end":{}}],"line":279},"23":{"loc":{"start":{"line":281,"column":24},"end":{"line":283,"column":25}},"type":"if","locations":[{"start":{"line":281,"column":24},"end":{"line":283,"column":25}},{"start":{},"end":{}}],"line":281},"24":{"loc":{"start":{"line":288,"column":12},"end":{"line":291,"column":13}},"type":"if","locations":[{"start":{"line":288,"column":12},"end":{"line":291,"column":13}},{"start":{},"end":{}}],"line":288},"25":{"loc":{"start":{"line":305,"column":12},"end":{"line":308,"column":13}},"type":"if","locations":[{"start":{"line":305,"column":12},"end":{"line":308,"column":13}},{"start":{},"end":{}}],"line":305},"26":{"loc":{"start":{"line":313,"column":16},"end":{"line":322,"column":17}},"type":"if","locations":[{"start":{"line":313,"column":16},"end":{"line":322,"column":17}},{"start":{},"end":{}}],"line":313},"27":{"loc":{"start":{"line":315,"column":24},"end":{"line":320,"column":25}},"type":"if","locations":[{"start":{"line":315,"column":24},"end":{"line":320,"column":25}},{"start":{},"end":{}}],"line":315},"28":{"loc":{"start":{"line":315,"column":28},"end":{"line":315,"column":75}},"type":"binary-expr","locations":[{"start":{"line":315,"column":28},"end":{"line":315,"column":42}},{"start":{"line":315,"column":46},"end":{"line":315,"column":75}}],"line":315},"29":{"loc":{"start":{"line":317,"column":48},"end":{"line":317,"column":108}},"type":"binary-expr","locations":[{"start":{"line":317,"column":48},"end":{"line":317,"column":78}},{"start":{"line":317,"column":82},"end":{"line":317,"column":108}}],"line":317},"30":{"loc":{"start":{"line":318,"column":48},"end":{"line":318,"column":72}},"type":"binary-expr","locations":[{"start":{"line":318,"column":48},"end":{"line":318,"column":66}},{"start":{"line":318,"column":70},"end":{"line":318,"column":72}}],"line":318},"31":{"loc":{"start":{"line":319,"column":42},"end":{"line":319,"column":197}},"type":"cond-expr","locations":[{"start":{"line":319,"column":67},"end":{"line":319,"column":183}},{"start":{"line":319,"column":186},"end":{"line":319,"column":197}}],"line":319},"32":{"loc":{"start":{"line":334,"column":12},"end":{"line":363,"column":13}},"type":"if","locations":[{"start":{"line":334,"column":12},"end":{"line":363,"column":13}},{"start":{},"end":{}}],"line":334},"33":{"loc":{"start":{"line":336,"column":16},"end":{"line":362,"column":17}},"type":"if","locations":[{"start":{"line":336,"column":16},"end":{"line":362,"column":17}},{"start":{"line":350,"column":23},"end":{"line":362,"column":17}}],"line":336},"34":{"loc":{"start":{"line":340,"column":20},"end":{"line":342,"column":21}},"type":"if","locations":[{"start":{"line":340,"column":20},"end":{"line":342,"column":21}},{"start":{},"end":{}}],"line":340},"35":{"loc":{"start":{"line":347,"column":20},"end":{"line":349,"column":21}},"type":"if","locations":[{"start":{"line":347,"column":20},"end":{"line":349,"column":21}},{"start":{},"end":{}}],"line":347},"36":{"loc":{"start":{"line":350,"column":23},"end":{"line":362,"column":17}},"type":"if","locations":[{"start":{"line":350,"column":23},"end":{"line":362,"column":17}},{"start":{},"end":{}}],"line":350},"37":{"loc":{"start":{"line":350,"column":27},"end":{"line":350,"column":80}},"type":"binary-expr","locations":[{"start":{"line":350,"column":27},"end":{"line":350,"column":52}},{"start":{"line":350,"column":56},"end":{"line":350,"column":80}}],"line":350},"38":{"loc":{"start":{"line":354,"column":20},"end":{"line":356,"column":21}},"type":"if","locations":[{"start":{"line":354,"column":20},"end":{"line":356,"column":21}},{"start":{},"end":{}}],"line":354},"39":{"loc":{"start":{"line":359,"column":20},"end":{"line":361,"column":21}},"type":"if","locations":[{"start":{"line":359,"column":20},"end":{"line":361,"column":21}},{"start":{},"end":{}}],"line":359},"40":{"loc":{"start":{"line":374,"column":12},"end":{"line":377,"column":13}},"type":"if","locations":[{"start":{"line":374,"column":12},"end":{"line":377,"column":13}},{"start":{},"end":{}}],"line":374},"41":{"loc":{"start":{"line":374,"column":16},"end":{"line":374,"column":58}},"type":"binary-expr","locations":[{"start":{"line":374,"column":16},"end":{"line":374,"column":28}},{"start":{"line":374,"column":32},"end":{"line":374,"column":58}}],"line":374},"42":{"loc":{"start":{"line":391,"column":12},"end":{"line":393,"column":13}},"type":"if","locations":[{"start":{"line":391,"column":12},"end":{"line":393,"column":13}},{"start":{},"end":{}}],"line":391},"43":{"loc":{"start":{"line":407,"column":51},"end":{"line":407,"column":69}},"type":"binary-expr","locations":[{"start":{"line":407,"column":51},"end":{"line":407,"column":63}},{"start":{"line":407,"column":67},"end":{"line":407,"column":69}}],"line":407},"44":{"loc":{"start":{"line":408,"column":25},"end":{"line":408,"column":44}},"type":"binary-expr","locations":[{"start":{"line":408,"column":25},"end":{"line":408,"column":38}},{"start":{"line":408,"column":42},"end":{"line":408,"column":44}}],"line":408},"45":{"loc":{"start":{"line":413,"column":12},"end":{"line":419,"column":13}},"type":"if","locations":[{"start":{"line":413,"column":12},"end":{"line":419,"column":13}},{"start":{"line":415,"column":19},"end":{"line":419,"column":13}}],"line":413},"46":{"loc":{"start":{"line":413,"column":16},"end":{"line":413,"column":69}},"type":"binary-expr","locations":[{"start":{"line":413,"column":16},"end":{"line":413,"column":28}},{"start":{"line":413,"column":32},"end":{"line":413,"column":69}}],"line":413},"47":{"loc":{"start":{"line":415,"column":19},"end":{"line":419,"column":13}},"type":"if","locations":[{"start":{"line":415,"column":19},"end":{"line":419,"column":13}},{"start":{"line":417,"column":20},"end":{"line":419,"column":13}}],"line":415},"48":{"loc":{"start":{"line":415,"column":23},"end":{"line":415,"column":103}},"type":"binary-expr","locations":[{"start":{"line":415,"column":23},"end":{"line":415,"column":35}},{"start":{"line":415,"column":39},"end":{"line":415,"column":59}},{"start":{"line":415,"column":63},"end":{"line":415,"column":103}}],"line":415},"49":{"loc":{"start":{"line":434,"column":27},"end":{"line":434,"column":85}},"type":"cond-expr","locations":[{"start":{"line":434,"column":63},"end":{"line":434,"column":80}},{"start":{"line":434,"column":83},"end":{"line":434,"column":85}}],"line":434},"50":{"loc":{"start":{"line":434,"column":27},"end":{"line":434,"column":60}},"type":"binary-expr","locations":[{"start":{"line":434,"column":27},"end":{"line":434,"column":39}},{"start":{"line":434,"column":43},"end":{"line":434,"column":60}}],"line":434},"51":{"loc":{"start":{"line":439,"column":18},"end":{"line":439,"column":113}},"type":"cond-expr","locations":[{"start":{"line":439,"column":101},"end":{"line":439,"column":106}},{"start":{"line":439,"column":109},"end":{"line":439,"column":113}}],"line":439},"52":{"loc":{"start":{"line":439,"column":18},"end":{"line":439,"column":98}},"type":"binary-expr","locations":[{"start":{"line":439,"column":18},"end":{"line":439,"column":30}},{"start":{"line":439,"column":34},"end":{"line":439,"column":54}},{"start":{"line":439,"column":58},"end":{"line":439,"column":98}}],"line":439},"53":{"loc":{"start":{"line":441,"column":8},"end":{"line":443,"column":9}},"type":"if","locations":[{"start":{"line":441,"column":8},"end":{"line":443,"column":9}},{"start":{},"end":{}}],"line":441},"54":{"loc":{"start":{"line":441,"column":12},"end":{"line":441,"column":51}},"type":"binary-expr","locations":[{"start":{"line":441,"column":12},"end":{"line":441,"column":24}},{"start":{"line":441,"column":28},"end":{"line":441,"column":51}}],"line":441},"55":{"loc":{"start":{"line":444,"column":8},"end":{"line":446,"column":9}},"type":"if","locations":[{"start":{"line":444,"column":8},"end":{"line":446,"column":9}},{"start":{},"end":{}}],"line":444},"56":{"loc":{"start":{"line":444,"column":12},"end":{"line":444,"column":46}},"type":"binary-expr","locations":[{"start":{"line":444,"column":12},"end":{"line":444,"column":24}},{"start":{"line":444,"column":28},"end":{"line":444,"column":46}}],"line":444},"57":{"loc":{"start":{"line":447,"column":8},"end":{"line":449,"column":9}},"type":"if","locations":[{"start":{"line":447,"column":8},"end":{"line":449,"column":9}},{"start":{},"end":{}}],"line":447},"58":{"loc":{"start":{"line":447,"column":12},"end":{"line":447,"column":49}},"type":"binary-expr","locations":[{"start":{"line":447,"column":12},"end":{"line":447,"column":24}},{"start":{"line":447,"column":28},"end":{"line":447,"column":49}}],"line":447},"59":{"loc":{"start":{"line":450,"column":8},"end":{"line":457,"column":9}},"type":"if","locations":[{"start":{"line":450,"column":8},"end":{"line":457,"column":9}},{"start":{"line":453,"column":15},"end":{"line":457,"column":9}}],"line":450},"60":{"loc":{"start":{"line":453,"column":15},"end":{"line":457,"column":9}},"type":"if","locations":[{"start":{"line":453,"column":15},"end":{"line":457,"column":9}},{"start":{},"end":{}}],"line":453},"61":{"loc":{"start":{"line":453,"column":19},"end":{"line":453,"column":72}},"type":"binary-expr","locations":[{"start":{"line":453,"column":19},"end":{"line":453,"column":41}},{"start":{"line":453,"column":45},"end":{"line":453,"column":72}}],"line":453}},"s":{"0":1,"1":1,"2":56,"3":56,"4":56,"5":56,"6":56,"7":56,"8":56,"9":56,"10":56,"11":56,"12":56,"13":96,"14":56,"15":56,"16":56,"17":3,"18":28,"19":3,"20":3,"21":3,"22":3,"23":3,"24":3,"25":3,"26":3,"27":15,"28":15,"29":11,"30":11,"31":11,"32":4,"33":4,"34":4,"35":15,"36":5,"37":5,"38":10,"39":4,"40":2,"41":2,"42":2,"43":2,"44":2,"45":2,"46":2,"47":6,"48":2,"49":2,"50":4,"51":4,"52":11,"53":2,"54":4092,"55":4092,"56":4092,"57":4092,"58":4092,"59":12,"60":12,"61":12,"62":12,"63":22,"64":22,"65":22,"66":22,"67":22,"68":34,"69":34,"70":34,"71":34,"72":34,"73":49,"74":49,"75":41,"76":41,"77":34,"78":22,"79":22,"80":10,"81":10,"82":12,"83":1,"84":2,"85":2,"86":1,"87":26,"88":26,"89":26,"90":36,"91":26,"92":11,"93":3,"94":8,"95":2,"96":6,"97":44,"98":6,"99":6,"100":6,"101":6,"102":24,"103":6,"104":6,"105":19,"106":19,"107":19,"108":67,"109":35,"110":32,"111":0,"112":19,"113":35,"114":35,"115":35,"116":35,"117":0,"118":0,"119":0,"120":0,"121":0,"122":0,"123":0,"124":0,"125":35,"126":0,"127":0,"128":0,"129":6,"130":6,"131":6,"132":24,"133":24,"134":24,"135":12,"136":24,"137":6,"138":2,"139":2,"140":2,"141":4,"142":4,"143":10,"144":6,"145":2,"146":0,"147":0,"148":2,"149":2,"150":2,"151":2,"152":2,"153":0,"154":0,"155":2,"156":2,"157":4,"158":4,"159":10,"160":6,"161":6,"162":6,"163":6,"164":2,"165":0,"166":0,"167":4,"168":5,"169":5,"170":5,"171":0,"172":0,"173":0,"174":0,"175":0,"176":0,"177":0,"178":0,"179":5,"180":5,"181":5,"182":5,"183":3,"184":5,"185":5,"186":5,"187":2,"188":4,"189":14,"190":14,"191":14,"192":4006,"193":4006,"194":41,"195":41,"196":14,"197":2,"198":2,"199":2,"200":2,"201":2,"202":0,"203":2,"204":2,"205":0,"206":0,"207":3,"208":3,"209":3,"210":3,"211":216374,"212":3,"213":3,"214":108187,"215":3,"216":3,"217":14870,"218":792,"219":14078,"220":5438,"221":8640,"222":3,"223":3,"224":3,"225":3,"226":2290,"227":2290,"228":2290,"229":114,"230":2290,"231":44,"232":2290,"233":186,"234":2290,"235":1920,"236":1920,"237":370,"238":240,"239":240,"240":2290,"241":1,"242":1,"243":1,"244":1,"245":1,"246":1,"247":1,"248":1,"249":1,"250":1,"251":0,"252":0,"253":1},"f":{"0":56,"1":3,"2":28,"3":3,"4":15,"5":2,"6":4092,"7":12,"8":1,"9":26,"10":11,"11":44,"12":24,"13":67,"14":35,"15":0,"16":0,"17":2,"18":4,"19":14,"20":2,"21":3,"22":216374,"23":108187,"24":2290,"25":1},"b":{"0":[3],"1":[11,4],"2":[5,10],"3":[15,8],"4":[4,6],"5":[2,2],"6":[4,2],"7":[2,0],"8":[2,2],"9":[2,4],"10":[41,8],"11":[10,12],"12":[2,0],"13":[3,8],"14":[2,6],"15":[35,32],"16":[0,32],"17":[0,0],"18":[0,0],"19":[0,35],"20":[35,35],"21":[12,12],"22":[4,0],"23":[6,4],"24":[0,2],"25":[0,2],"26":[4,0],"27":[6,4],"28":[10,6],"29":[6,0],"30":[6,0],"31":[6,0],"32":[5,0],"33":[0,5],"34":[0,0],"35":[0,0],"36":[5,0],"37":[5,5],"38":[3,2],"39":[2,3],"40":[41,3965],"41":[4006,4003],"42":[0,2],"43":[216374,0],"44":[3,0],"45":[792,14078],"46":[14870,14870],"47":[5438,8640],"48":[14078,14078,6986],"49":[2286,4],"50":[2290,2290],"51":[2054,236],"52":[2290,2290,2124],"53":[114,2176],"54":[2290,2290],"55":[44,2246],"56":[2290,2290],"57":[186,2104],"58":[2290,2290],"59":[1920,370],"60":[240,130],"61":[370,162]},"_coverageSchema":"1a1c01bbd47fc00a2c39e90264f33305004495a9","hash":"77f0e3593681a99dedc139acdcf72fd902caa017"}
}
