TN:
SF:triposm.js
FN:21,(anonymous_0)
FN:36,(anonymous_1)
FN:37,(anonymous_2)
FN:41,(anonymous_3)
FN:57,(anonymous_4)
FN:104,(anonymous_5)
FN:109,(anonymous_6)
FN:120,(anonymous_7)
FN:165,(anonymous_8)
FN:175,(anonymous_9)
FN:184,(anonymous_10)
FN:194,(anonymous_11)
FN:201,(anonymous_12)
FN:210,(anonymous_13)
FN:219,(anonymous_14)
FN:226,(anonymous_15)
FN:229,(anonymous_16)
FN:274,(anonymous_17)
FN:332,(anonymous_18)
FN:368,(anonymous_19)
FN:383,(anonymous_20)
FN:402,(anonymous_21)
FN:407,(anonymous_22)
FN:409,(anonymous_23)
FN:430,(anonymous_24)
FN:461,(anonymous_25)
FNF:26
FNH:24
FNDA:56,(anonymous_0)
FNDA:3,(anonymous_1)
FNDA:28,(anonymous_2)
FNDA:3,(anonymous_3)
FNDA:15,(anonymous_4)
FNDA:2,(anonymous_5)
FNDA:4092,(anonymous_6)
FNDA:12,(anonymous_7)
FNDA:1,(anonymous_8)
FNDA:26,(anonymous_9)
FNDA:11,(anonymous_10)
FNDA:44,(anonymous_11)
FNDA:24,(anonymous_12)
FNDA:67,(anonymous_13)
FNDA:35,(anonymous_14)
FNDA:0,(anonymous_15)
FNDA:0,(anonymous_16)
FNDA:2,(anonymous_17)
FNDA:4,(anonymous_18)
FNDA:14,(anonymous_19)
FNDA:2,(anonymous_20)
FNDA:3,(anonymous_21)
FNDA:216374,(anonymous_22)
FNDA:108187,(anonymous_23)
FNDA:2290,(anonymous_24)
FNDA:1,(anonymous_25)
DA:1,1
DA:2,1
DA:5,56
DA:6,56
DA:7,56
DA:15,56
DA:22,56
DA:23,56
DA:24,56
DA:25,56
DA:26,56
DA:27,56
DA:28,56
DA:29,96
DA:31,56
DA:32,56
DA:33,56
DA:37,28
DA:38,3
DA:42,3
DA:43,3
DA:45,3
DA:46,3
DA:48,3
DA:51,3
DA:54,3
DA:58,15
DA:62,15
DA:63,11
DA:64,11
DA:65,11
DA:67,4
DA:68,4
DA:69,4
DA:73,15
DA:75,5
DA:76,5
DA:77,10
DA:79,4
DA:81,2
DA:82,2
DA:83,2
DA:84,2
DA:86,2
DA:87,2
DA:88,2
DA:90,6
DA:92,2
DA:93,2
DA:96,4
DA:97,4
DA:100,11
DA:105,2
DA:110,4092
DA:111,4092
DA:112,4092
DA:113,4092
DA:117,4092
DA:121,12
DA:122,12
DA:125,12
DA:126,22
DA:127,22
DA:128,22
DA:131,22
DA:134,22
DA:135,34
DA:136,34
DA:137,34
DA:140,34
DA:141,49
DA:142,49
DA:143,41
DA:144,41
DA:149,34
DA:153,22
DA:156,22
DA:157,10
DA:158,10
DA:162,12
DA:166,1
DA:167,2
DA:168,2
DA:171,1
DA:176,26
DA:177,26
DA:178,36
DA:180,26
DA:186,11
DA:187,3
DA:190,8
DA:191,2
DA:194,44
DA:195,6
DA:198,6
DA:199,6
DA:201,6
DA:202,24
DA:205,6
DA:206,19
DA:207,19
DA:210,19
DA:211,67
DA:212,35
DA:213,32
DA:214,0
DA:219,19
DA:220,35
DA:222,35
DA:223,35
DA:226,35
DA:227,0
DA:229,0
DA:230,0
DA:231,0
DA:236,0
DA:237,0
DA:238,0
DA:239,0
DA:246,35
DA:247,0
DA:250,0
DA:251,0
DA:256,6
DA:259,6
DA:260,24
DA:261,24
DA:263,24
DA:264,12
DA:267,24
DA:270,6
DA:275,2
DA:277,2
DA:278,2
DA:279,4
DA:280,4
DA:281,10
DA:282,6
DA:288,2
DA:289,0
DA:290,0
DA:294,2
DA:295,2
DA:296,2
DA:304,2
DA:305,2
DA:306,0
DA:307,0
DA:309,2
DA:312,2
DA:313,4
DA:314,4
DA:315,10
DA:316,6
DA:317,6
DA:318,6
DA:319,6
DA:325,2
DA:327,0
DA:328,0
DA:333,4
DA:334,5
DA:335,5
DA:336,5
DA:338,0
DA:339,0
DA:340,0
DA:341,0
DA:345,0
DA:346,0
DA:347,0
DA:348,0
DA:350,5
DA:352,5
DA:353,5
DA:354,5
DA:355,3
DA:357,5
DA:358,5
DA:359,5
DA:360,2
DA:365,4
DA:369,14
DA:370,14
DA:372,14
DA:373,4006
DA:374,4006
DA:375,41
DA:376,41
DA:379,14
DA:384,2
DA:385,2
DA:386,2
DA:387,2
DA:391,2
DA:392,0
DA:394,2
DA:395,2
DA:397,0
DA:398,0
DA:403,3
DA:404,3
DA:405,3
DA:407,216374
DA:408,3
DA:409,108187
DA:411,3
DA:412,3
DA:413,14870
DA:414,792
DA:415,14078
DA:416,5438
DA:418,8640
DA:423,3
DA:424,3
DA:425,3
DA:427,3
DA:431,2290
DA:432,2290
DA:441,2290
DA:442,114
DA:444,2290
DA:445,44
DA:447,2290
DA:448,186
DA:450,2290
DA:451,1920
DA:452,1920
DA:453,370
DA:455,240
DA:456,240
DA:458,2290
DA:462,1
DA:463,1
DA:464,1
DA:465,1
DA:466,1
DA:467,1
DA:468,1
DA:469,1
DA:470,1
DA:472,1
DA:474,0
DA:475,0
DA:480,1
LF:245
LH:214
BRDA:36,0,0,3
BRDA:62,1,0,11
BRDA:62,1,1,4
BRDA:73,2,0,5
BRDA:73,2,1,10
BRDA:73,3,0,15
BRDA:73,3,1,8
BRDA:77,4,0,4
BRDA:77,4,1,6
BRDA:79,5,0,2
BRDA:79,5,1,2
BRDA:79,6,0,4
BRDA:79,6,1,2
BRDA:84,7,0,2
BRDA:84,7,1,0
BRDA:84,8,0,2
BRDA:84,8,1,2
BRDA:90,9,0,2
BRDA:90,9,1,4
BRDA:142,10,0,41
BRDA:142,10,1,8
BRDA:156,11,0,10
BRDA:156,11,1,12
BRDA:167,12,0,2
BRDA:167,12,1,0
BRDA:186,13,0,3
BRDA:186,13,1,8
BRDA:190,14,0,2
BRDA:190,14,1,6
BRDA:211,15,0,35
BRDA:211,15,1,32
BRDA:213,16,0,0
BRDA:213,16,1,32
BRDA:230,17,0,0
BRDA:230,17,1,0
BRDA:236,18,0,0
BRDA:236,18,1,0
BRDA:246,19,0,0
BRDA:246,19,1,35
BRDA:246,20,0,35
BRDA:246,20,1,35
BRDA:263,21,0,12
BRDA:263,21,1,12
BRDA:279,22,0,4
BRDA:279,22,1,0
BRDA:281,23,0,6
BRDA:281,23,1,4
BRDA:288,24,0,0
BRDA:288,24,1,2
BRDA:305,25,0,0
BRDA:305,25,1,2
BRDA:313,26,0,4
BRDA:313,26,1,0
BRDA:315,27,0,6
BRDA:315,27,1,4
BRDA:315,28,0,10
BRDA:315,28,1,6
BRDA:317,29,0,6
BRDA:317,29,1,0
BRDA:318,30,0,6
BRDA:318,30,1,0
BRDA:319,31,0,6
BRDA:319,31,1,0
BRDA:334,32,0,5
BRDA:334,32,1,0
BRDA:336,33,0,0
BRDA:336,33,1,5
BRDA:340,34,0,0
BRDA:340,34,1,0
BRDA:347,35,0,0
BRDA:347,35,1,0
BRDA:350,36,0,5
BRDA:350,36,1,0
BRDA:350,37,0,5
BRDA:350,37,1,5
BRDA:354,38,0,3
BRDA:354,38,1,2
BRDA:359,39,0,2
BRDA:359,39,1,3
BRDA:374,40,0,41
BRDA:374,40,1,3965
BRDA:374,41,0,4006
BRDA:374,41,1,4003
BRDA:391,42,0,0
BRDA:391,42,1,2
BRDA:407,43,0,216374
BRDA:407,43,1,0
BRDA:408,44,0,3
BRDA:408,44,1,0
BRDA:413,45,0,792
BRDA:413,45,1,14078
BRDA:413,46,0,14870
BRDA:413,46,1,14870
BRDA:415,47,0,5438
BRDA:415,47,1,8640
BRDA:415,48,0,14078
BRDA:415,48,1,14078
BRDA:415,48,2,6986
BRDA:434,49,0,2286
BRDA:434,49,1,4
BRDA:434,50,0,2290
BRDA:434,50,1,2290
BRDA:439,51,0,2054
BRDA:439,51,1,236
BRDA:439,52,0,2290
BRDA:439,52,1,2290
BRDA:439,52,2,2124
BRDA:441,53,0,114
BRDA:441,53,1,2176
BRDA:441,54,0,2290
BRDA:441,54,1,2290
BRDA:444,55,0,44
BRDA:444,55,1,2246
BRDA:444,56,0,2290
BRDA:444,56,1,2290
BRDA:447,57,0,186
BRDA:447,57,1,2104
BRDA:447,58,0,2290
BRDA:447,58,1,2290
BRDA:450,59,0,1920
BRDA:450,59,1,370
BRDA:453,60,0,240
BRDA:453,60,1,130
BRDA:453,61,0,370
BRDA:453,61,1,162
BRF:125
BRH:100
end_of_record
